c:\users\25768\desktop\作业\训练营作业\小组\build02\debug\03 rendering a cube.lib
c:\users\25768\desktop\作业\训练营作业\小组\build02\debug\03 rendering a cube.exp
c:\users\25768\desktop\作业\训练营作业\小组\build02\03_rendering_a_cube.dir\debug\vc143.pdb
c:\users\25768\desktop\作业\训练营作业\小组\build02\03_rendering_a_cube.dir\debug\d3dutil.obj
c:\users\25768\desktop\作业\训练营作业\小组\build02\03_rendering_a_cube.dir\debug\d3dapp.obj
c:\users\25768\desktop\作业\训练营作业\小组\build02\03_rendering_a_cube.dir\debug\mouse.obj
c:\users\25768\desktop\作业\训练营作业\小组\build02\03_rendering_a_cube.dir\debug\main.obj
c:\users\25768\desktop\作业\训练营作业\小组\build02\03_rendering_a_cube.dir\debug\keyboard.obj
c:\users\25768\desktop\作业\训练营作业\小组\build02\03_rendering_a_cube.dir\debug\gameapp.obj
c:\users\25768\desktop\作业\训练营作业\小组\build02\03_rendering_a_cube.dir\debug\dxtrace.obj
c:\users\25768\desktop\作业\训练营作业\小组\build02\03_rendering_a_cube.dir\debug\cputimer.obj
c:\users\25768\desktop\作业\训练营作业\小组\build02\cmakefiles\generate.stamp
c:\users\25768\desktop\作业\训练营作业\小组\build02\hlsl\cube_ps.cso
c:\users\25768\desktop\作业\训练营作业\小组\build02\hlsl\cube_vs.cso
c:\users\25768\desktop\作业\训练营作业\小组\build02\03 rendering a cube.exe
c:\users\25768\desktop\作业\训练营作业\小组\build02\03_rendering_a_cube.dir\debug\03 rendering a cube.ilk
c:\users\25768\desktop\作业\训练营作业\小组\build02\03 rendering a cube.pdb
c:\users\25768\desktop\作业\训练营作业\小组\build02\03_rendering_a_cube.dir\debug\03_rende.2ea154d0.tlog\03_rendering_a_cube.write.1u.tlog
c:\users\25768\desktop\作业\训练营作业\小组\build02\03_rendering_a_cube.dir\debug\03_rende.2ea154d0.tlog\cl.command.1.tlog
c:\users\25768\desktop\作业\训练营作业\小组\build02\03_rendering_a_cube.dir\debug\03_rende.2ea154d0.tlog\cl.read.1.tlog
c:\users\25768\desktop\作业\训练营作业\小组\build02\03_rendering_a_cube.dir\debug\03_rende.2ea154d0.tlog\cl.write.1.tlog
c:\users\25768\desktop\作业\训练营作业\小组\build02\03_rendering_a_cube.dir\debug\03_rende.2ea154d0.tlog\custombuild.command.1.tlog
c:\users\25768\desktop\作业\训练营作业\小组\build02\03_rendering_a_cube.dir\debug\03_rende.2ea154d0.tlog\custombuild.read.1.tlog
c:\users\25768\desktop\作业\训练营作业\小组\build02\03_rendering_a_cube.dir\debug\03_rende.2ea154d0.tlog\custombuild.write.1.tlog
c:\users\25768\desktop\作业\训练营作业\小组\build02\03_rendering_a_cube.dir\debug\03_rende.2ea154d0.tlog\fxc.command.1.tlog
c:\users\25768\desktop\作业\训练营作业\小组\build02\03_rendering_a_cube.dir\debug\03_rende.2ea154d0.tlog\fxc.read.1.tlog
c:\users\25768\desktop\作业\训练营作业\小组\build02\03_rendering_a_cube.dir\debug\03_rende.2ea154d0.tlog\fxc.write.1.tlog
c:\users\25768\desktop\作业\训练营作业\小组\build02\03_rendering_a_cube.dir\debug\03_rende.2ea154d0.tlog\link.command.1.tlog
c:\users\25768\desktop\作业\训练营作业\小组\build02\03_rendering_a_cube.dir\debug\03_rende.2ea154d0.tlog\link.read.1.tlog
c:\users\25768\desktop\作业\训练营作业\小组\build02\03_rendering_a_cube.dir\debug\03_rende.2ea154d0.tlog\link.write.1.tlog
